#
# A fatal error has been detected by the Java Runtime Environment:
#
#  EXCEPTION_ACCESS_VIOLATION (0xc0000005) at pc=0x00007ffb8aaca1d3, pid=924, tid=7656
#
# JRE version:  (17.0.10+7) (build )
# Java VM: OpenJDK 64-Bit Server VM (17.0.10+7, mixed mode, tiered, compressed oops, compressed class ptrs, g1 gc, windows-amd64)
# Problematic frame:
# V  [jvm.dll+0x38a1d3]
#
# No core dump will be written. Minidumps are not enabled by default on client versions of Windows
#
#

---------------  S U M M A R Y ------------

Command Line: -XX:+ShowCodeDetailsInExceptionMessages -agentlib:jdwp=transport=dt_socket,suspend=y,address=localhost:53847 -javaagent:C:\Users\omar\eclipse\java-2023-12\eclipse\configuration\org.eclipse.osgi\249\0\.cp\lib\javaagent-shaded.jar -Dfile.encoding=UTF-8 -Dstdout.encoding=UTF-8 -Dstderr.encoding=UTF-8 --module-path=C:\Users\omar\git\repository\TPPOO\bin -Djdk.module.main=TPPOO TPPOO/Buquealtoque.Principal

Host: Intel(R) Celeron(R) N4000 CPU @ 1.10GHz, 2 cores, 3G,  Windows 11 , 64 bit Build 22621 (10.0.22621.3527)
Time: Thu May 30 20:42:11 2024 Hora estándar de Argentina elapsed time: 0.316315 seconds (0d 0h 0m 0s)

---------------  T H R E A D  ---------------

Current thread (0x000001e81c7effb0):  JavaThread "Finalizer" daemon [_thread_in_vm, id=7656, stack(0x0000009ca7b00000,0x0000009ca7c00000)]

Stack: [0x0000009ca7b00000,0x0000009ca7c00000],  sp=0x0000009ca7bff8d0,  free space=1022k
Native frames: (J=compiled Java code, j=interpreted, Vv=VM code, C=native code)
V  [jvm.dll+0x38a1d3]
V  [jvm.dll+0x67d1e2]
V  [jvm.dll+0x38ae2b]
V  [jvm.dll+0x38b0b7]
V  [jvm.dll+0x411981]
V  [jvm.dll+0x7e9bb7]
V  [jvm.dll+0x7e3fba]
